This is pdfTeX, Version 3.1415926-2.5-1.40.14 (TeX Live 2013/Debian) (format=pdflatex 2015.1.7)  27 OCT 2016 21:12
entering extended mode
 restricted \write18 enabled.
 %&-line parsing enabled.
**nyu_bhamre.tex
(./nyu_bhamre.tex
LaTeX2e <2011/06/27>
Babel <3.9h> and hyphenation patterns for 2 languages loaded.
(/usr/share/texmf/tex/latex/beamer/base/beamer.cls
(/usr/share/texmf/tex/latex/beamer/base/beamerbasercs.sty
Package: beamerbasercs 2012/11/13 (rcs-revision cb16a617839f)
)
Document Class: beamer 2012/10/15 development version 3.24 A class for typesett
ing presentations (rcs-revision 24853e6b98cf)
(/usr/share/texmf/tex/latex/beamer/base/beamerbasemodes.sty
Package: beamerbasemodes 2012/04/15 (rcs-revision cc6557182d97)
\beamer@tempbox=\box26
\beamer@tempcount=\count79
\c@beamerpauses=\count80

(/usr/share/texmf/tex/latex/beamer/base/beamerbasedecode.sty
Package: beamerbasedecode 2010/05/01 (rcs-revision efa082c6111d)
\beamer@slideinframe=\count81
\beamer@minimum=\count82
)
\beamer@commentbox=\box27
\beamer@modecount=\count83
)
(/usr/share/texlive/texmf-dist/tex/generic/oberdiek/ifpdf.sty
Package: ifpdf 2011/01/30 v2.3 Provides the ifpdf switch (HO)
Package ifpdf Info: pdfTeX in PDF mode is detected.
)
\headheight=\dimen102
\headdp=\dimen103
\footheight=\dimen104
\sidebarheight=\dimen105
\beamer@tempdim=\dimen106
\beamer@finalheight=\dimen107
\beamer@animht=\dimen108
\beamer@animdp=\dimen109
\beamer@animwd=\dimen110
\beamer@leftmargin=\dimen111
\beamer@rightmargin=\dimen112
\beamer@leftsidebar=\dimen113
\beamer@rightsidebar=\dimen114
\beamer@boxsize=\dimen115
\beamer@vboxoffset=\dimen116
\beamer@descdefault=\dimen117
\beamer@descriptionwidth=\dimen118
\beamer@lastskip=\skip41
\beamer@areabox=\box28
\beamer@animcurrent=\box29
\beamer@animshowbox=\box30
\beamer@sectionbox=\box31
\beamer@logobox=\box32
\beamer@linebox=\box33
\beamer@sectioncount=\count84
\beamer@subsubsectionmax=\count85
\beamer@subsectionmax=\count86
\beamer@sectionmax=\count87
\beamer@totalheads=\count88
\beamer@headcounter=\count89
\beamer@partstartpage=\count90
\beamer@sectionstartpage=\count91
\beamer@subsectionstartpage=\count92
\beamer@animationtempa=\count93
\beamer@animationtempb=\count94
\beamer@xpos=\count95
\beamer@ypos=\count96
\beamer@showpartnumber=\count97
\beamer@currentsubsection=\count98
\beamer@coveringdepth=\count99
\beamer@sectionadjust=\count100
\beamer@tocsectionnumber=\count101

(/usr/share/texmf/tex/latex/beamer/base/beamerbaseoptions.sty
Package: beamerbaseoptions 2010/04/27 (rcs-revision 982469101dd6)

(/usr/share/texlive/texmf-dist/tex/latex/graphics/keyval.sty
Package: keyval 1999/03/16 v1.13 key=value parser (DPC)
\KV@toks@=\toks14
))
\beamer@paperwidth=\skip42
\beamer@paperheight=\skip43

(/usr/share/texlive/texmf-dist/tex/latex/geometry/geometry.sty
Package: geometry 2010/09/12 v5.6 Page Geometry

(/usr/share/texlive/texmf-dist/tex/generic/oberdiek/ifvtex.sty
Package: ifvtex 2010/03/01 v1.5 Detect VTeX and its facilities (HO)
Package ifvtex Info: VTeX not detected.
)
(/usr/share/texlive/texmf-dist/tex/generic/ifxetex/ifxetex.sty
Package: ifxetex 2010/09/12 v0.6 Provides ifxetex conditional
)
\Gm@cnth=\count102
\Gm@cntv=\count103
\c@Gm@tempcnt=\count104
\Gm@bindingoffset=\dimen119
\Gm@wd@mp=\dimen120
\Gm@odd@mp=\dimen121
\Gm@even@mp=\dimen122
\Gm@layoutwidth=\dimen123
\Gm@layoutheight=\dimen124
\Gm@layouthoffset=\dimen125
\Gm@layoutvoffset=\dimen126
\Gm@dimlist=\toks15
)
(/usr/share/texlive/texmf-dist/tex/latex/base/size11.clo
File: size11.clo 2007/10/19 v1.4h Standard LaTeX file (size option)
)
(/usr/share/texmf/tex/latex/pgf/basiclayer/pgfcore.sty
(/usr/share/texlive/texmf-dist/tex/latex/graphics/graphicx.sty
Package: graphicx 1999/02/16 v1.0f Enhanced LaTeX Graphics (DPC,SPQR)

(/usr/share/texlive/texmf-dist/tex/latex/graphics/graphics.sty
Package: graphics 2009/02/05 v1.0o Standard LaTeX Graphics (DPC,SPQR)

(/usr/share/texlive/texmf-dist/tex/latex/graphics/trig.sty
Package: trig 1999/03/16 v1.09 sin cos tan (DPC)
)
(/usr/share/texlive/texmf-dist/tex/latex/latexconfig/graphics.cfg
File: graphics.cfg 2010/04/23 v1.9 graphics configuration of TeX Live
)
Package graphics Info: Driver file: pdftex.def on input line 91.

(/usr/share/texlive/texmf-dist/tex/latex/pdftex-def/pdftex.def
File: pdftex.def 2011/05/27 v0.06d Graphics/color for pdfTeX

(/usr/share/texlive/texmf-dist/tex/generic/oberdiek/infwarerr.sty
Package: infwarerr 2010/04/08 v1.3 Providing info/warning/error messages (HO)
)
(/usr/share/texlive/texmf-dist/tex/generic/oberdiek/ltxcmds.sty
Package: ltxcmds 2011/11/09 v1.22 LaTeX kernel commands for general use (HO)
)
\Gread@gobject=\count105
))
\Gin@req@height=\dimen127
\Gin@req@width=\dimen128
)
(/usr/share/texmf/tex/latex/pgf/systemlayer/pgfsys.sty
(/usr/share/texmf/tex/latex/pgf/utilities/pgfrcs.sty
(/usr/share/texmf/tex/generic/pgf/utilities/pgfutil-common.tex
\pgfutil@everybye=\toks16
)
(/usr/share/texmf/tex/generic/pgf/utilities/pgfutil-latex.def
\pgfutil@abb=\box34

(/usr/share/texlive/texmf-dist/tex/latex/ms/everyshi.sty
Package: everyshi 2001/05/15 v3.00 EveryShipout Package (MS)
))
(/usr/share/texmf/tex/generic/pgf/utilities/pgfrcs.code.tex
Package: pgfrcs 2010/10/25 v2.10 (rcs-revision 1.24)
))
(/usr/share/texmf/tex/generic/pgf/systemlayer/pgfsys.code.tex
Package: pgfsys 2010/06/30 v2.10 (rcs-revision 1.37)

(/usr/share/texmf/tex/generic/pgf/utilities/pgfkeys.code.tex
\pgfkeys@pathtoks=\toks17
\pgfkeys@temptoks=\toks18

(/usr/share/texmf/tex/generic/pgf/utilities/pgfkeysfiltered.code.tex
\pgfkeys@tmptoks=\toks19
))
\pgf@x=\dimen129
\pgf@y=\dimen130
\pgf@xa=\dimen131
\pgf@ya=\dimen132
\pgf@xb=\dimen133
\pgf@yb=\dimen134
\pgf@xc=\dimen135
\pgf@yc=\dimen136
\w@pgf@writea=\write3
\r@pgf@reada=\read1
\c@pgf@counta=\count106
\c@pgf@countb=\count107
\c@pgf@countc=\count108
\c@pgf@countd=\count109

(/usr/share/texmf/tex/generic/pgf/systemlayer/pgf.cfg
File: pgf.cfg 2008/05/14  (rcs-revision 1.7)
)
Package pgfsys Info: Driver file for pgf: pgfsys-pdftex.def on input line 900.

(/usr/share/texmf/tex/generic/pgf/systemlayer/pgfsys-pdftex.def
File: pgfsys-pdftex.def 2009/05/22  (rcs-revision 1.26)

(/usr/share/texmf/tex/generic/pgf/systemlayer/pgfsys-common-pdf.def
File: pgfsys-common-pdf.def 2008/05/19  (rcs-revision 1.10)
)))
(/usr/share/texmf/tex/generic/pgf/systemlayer/pgfsyssoftpath.code.tex
File: pgfsyssoftpath.code.tex 2008/07/18  (rcs-revision 1.7)
\pgfsyssoftpath@smallbuffer@items=\count110
\pgfsyssoftpath@bigbuffer@items=\count111
)
(/usr/share/texmf/tex/generic/pgf/systemlayer/pgfsysprotocol.code.tex
File: pgfsysprotocol.code.tex 2006/10/16  (rcs-revision 1.4)
))
(/usr/share/texmf/tex/latex/xcolor/xcolor.sty
Package: xcolor 2007/01/21 v2.11 LaTeX color extensions (UK)

(/usr/share/texlive/texmf-dist/tex/latex/latexconfig/color.cfg
File: color.cfg 2007/01/18 v1.5 color configuration of teTeX/TeXLive
)
Package xcolor Info: Driver file: pdftex.def on input line 225.
Package xcolor Info: Model `cmy' substituted by `cmy0' on input line 1337.
Package xcolor Info: Model `hsb' substituted by `rgb' on input line 1341.
Package xcolor Info: Model `RGB' extended on input line 1353.
Package xcolor Info: Model `HTML' substituted by `rgb' on input line 1355.
Package xcolor Info: Model `Hsb' substituted by `hsb' on input line 1356.
Package xcolor Info: Model `tHsb' substituted by `hsb' on input line 1357.
Package xcolor Info: Model `HSB' substituted by `hsb' on input line 1358.
Package xcolor Info: Model `Gray' substituted by `gray' on input line 1359.
Package xcolor Info: Model `wave' substituted by `hsb' on input line 1360.
)
(/usr/share/texmf/tex/generic/pgf/basiclayer/pgfcore.code.tex
Package: pgfcore 2010/04/11 v2.10 (rcs-revision 1.7)

(/usr/share/texmf/tex/generic/pgf/math/pgfmath.code.tex
(/usr/share/texmf/tex/generic/pgf/math/pgfmathcalc.code.tex
(/usr/share/texmf/tex/generic/pgf/math/pgfmathutil.code.tex)
(/usr/share/texmf/tex/generic/pgf/math/pgfmathparser.code.tex
\pgfmath@dimen=\dimen137
\pgfmath@count=\count112
\pgfmath@box=\box35
\pgfmath@toks=\toks20
\pgfmath@stack@operand=\toks21
\pgfmath@stack@operation=\toks22
)
(/usr/share/texmf/tex/generic/pgf/math/pgfmathfunctions.code.tex
(/usr/share/texmf/tex/generic/pgf/math/pgfmathfunctions.basic.code.tex)
(/usr/share/texmf/tex/generic/pgf/math/pgfmathfunctions.trigonometric.code.tex)
(/usr/share/texmf/tex/generic/pgf/math/pgfmathfunctions.random.code.tex)
(/usr/share/texmf/tex/generic/pgf/math/pgfmathfunctions.comparison.code.tex)
(/usr/share/texmf/tex/generic/pgf/math/pgfmathfunctions.base.code.tex)
(/usr/share/texmf/tex/generic/pgf/math/pgfmathfunctions.round.code.tex)
(/usr/share/texmf/tex/generic/pgf/math/pgfmathfunctions.misc.code.tex)))
(/usr/share/texmf/tex/generic/pgf/math/pgfmathfloat.code.tex
\c@pgfmathroundto@lastzeros=\count113
))
(/usr/share/texmf/tex/generic/pgf/basiclayer/pgfcorepoints.code.tex
File: pgfcorepoints.code.tex 2010/04/09  (rcs-revision 1.20)
\pgf@picminx=\dimen138
\pgf@picmaxx=\dimen139
\pgf@picminy=\dimen140
\pgf@picmaxy=\dimen141
\pgf@pathminx=\dimen142
\pgf@pathmaxx=\dimen143
\pgf@pathminy=\dimen144
\pgf@pathmaxy=\dimen145
\pgf@xx=\dimen146
\pgf@xy=\dimen147
\pgf@yx=\dimen148
\pgf@yy=\dimen149
\pgf@zx=\dimen150
\pgf@zy=\dimen151
)
(/usr/share/texmf/tex/generic/pgf/basiclayer/pgfcorepathconstruct.code.tex
File: pgfcorepathconstruct.code.tex 2010/08/03  (rcs-revision 1.24)
\pgf@path@lastx=\dimen152
\pgf@path@lasty=\dimen153
)
(/usr/share/texmf/tex/generic/pgf/basiclayer/pgfcorepathusage.code.tex
File: pgfcorepathusage.code.tex 2008/04/22  (rcs-revision 1.12)
\pgf@shorten@end@additional=\dimen154
\pgf@shorten@start@additional=\dimen155
)
(/usr/share/texmf/tex/generic/pgf/basiclayer/pgfcorescopes.code.tex
File: pgfcorescopes.code.tex 2010/09/08  (rcs-revision 1.34)
\pgfpic=\box36
\pgf@hbox=\box37
\pgf@layerbox@main=\box38
\pgf@picture@serial@count=\count114
)
(/usr/share/texmf/tex/generic/pgf/basiclayer/pgfcoregraphicstate.code.tex
File: pgfcoregraphicstate.code.tex 2008/04/22  (rcs-revision 1.9)
\pgflinewidth=\dimen156
)
(/usr/share/texmf/tex/generic/pgf/basiclayer/pgfcoretransformations.code.tex
File: pgfcoretransformations.code.tex 2009/06/10  (rcs-revision 1.11)
\pgf@pt@x=\dimen157
\pgf@pt@y=\dimen158
\pgf@pt@temp=\dimen159
)
(/usr/share/texmf/tex/generic/pgf/basiclayer/pgfcorequick.code.tex
File: pgfcorequick.code.tex 2008/10/09  (rcs-revision 1.3)
)
(/usr/share/texmf/tex/generic/pgf/basiclayer/pgfcoreobjects.code.tex
File: pgfcoreobjects.code.tex 2006/10/11  (rcs-revision 1.2)
)
(/usr/share/texmf/tex/generic/pgf/basiclayer/pgfcorepathprocessing.code.tex
File: pgfcorepathprocessing.code.tex 2008/10/09  (rcs-revision 1.8)
)
(/usr/share/texmf/tex/generic/pgf/basiclayer/pgfcorearrows.code.tex
File: pgfcorearrows.code.tex 2008/04/23  (rcs-revision 1.11)
)
(/usr/share/texmf/tex/generic/pgf/basiclayer/pgfcoreshade.code.tex
File: pgfcoreshade.code.tex 2008/11/23  (rcs-revision 1.13)
\pgf@max=\dimen160
\pgf@sys@shading@range@num=\count115
)
(/usr/share/texmf/tex/generic/pgf/basiclayer/pgfcoreimage.code.tex
File: pgfcoreimage.code.tex 2010/03/25  (rcs-revision 1.16)

(/usr/share/texmf/tex/generic/pgf/basiclayer/pgfcoreexternal.code.tex
File: pgfcoreexternal.code.tex 2010/09/01  (rcs-revision 1.17)
\pgfexternal@startupbox=\box39
))
(/usr/share/texmf/tex/generic/pgf/basiclayer/pgfcorelayers.code.tex
File: pgfcorelayers.code.tex 2010/08/27  (rcs-revision 1.2)
)
(/usr/share/texmf/tex/generic/pgf/basiclayer/pgfcoretransparency.code.tex
File: pgfcoretransparency.code.tex 2008/01/17  (rcs-revision 1.2)
)
(/usr/share/texmf/tex/generic/pgf/basiclayer/pgfcorepatterns.code.tex
File: pgfcorepatterns.code.tex 2009/07/02  (rcs-revision 1.3)
)))
(/usr/share/texmf/tex/latex/pgf/utilities/xxcolor.sty
Package: xxcolor 2003/10/24 ver 0.1
\XC@nummixins=\count116
\XC@countmixins=\count117
)
(/usr/share/texlive/texmf-dist/tex/latex/hyperref/hyperref.sty
Package: hyperref 2012/11/06 v6.83m Hypertext links for LaTeX

(/usr/share/texlive/texmf-dist/tex/generic/oberdiek/hobsub-hyperref.sty
Package: hobsub-hyperref 2012/05/28 v1.13 Bundle oberdiek, subset hyperref (HO)


(/usr/share/texlive/texmf-dist/tex/generic/oberdiek/hobsub-generic.sty
Package: hobsub-generic 2012/05/28 v1.13 Bundle oberdiek, subset generic (HO)
Package: hobsub 2012/05/28 v1.13 Construct package bundles (HO)
Package hobsub Info: Skipping package `infwarerr' (already loaded).
Package hobsub Info: Skipping package `ltxcmds' (already loaded).
Package: ifluatex 2010/03/01 v1.3 Provides the ifluatex switch (HO)
Package ifluatex Info: LuaTeX not detected.
Package hobsub Info: Skipping package `ifvtex' (already loaded).
Package: intcalc 2007/09/27 v1.1 Expandable calculations with integers (HO)
Package hobsub Info: Skipping package `ifpdf' (already loaded).
Package: etexcmds 2011/02/16 v1.5 Avoid name clashes with e-TeX commands (HO)
Package etexcmds Info: Could not find \expanded.
(etexcmds)             That can mean that you are not using pdfTeX 1.50 or
(etexcmds)             that some package has redefined \expanded.
(etexcmds)             In the latter case, load this package earlier.
Package: kvsetkeys 2012/04/25 v1.16 Key value parser (HO)
Package: kvdefinekeys 2011/04/07 v1.3 Define keys (HO)
Package: pdftexcmds 2011/11/29 v0.20 Utility functions of pdfTeX for LuaTeX (HO
)
Package pdftexcmds Info: LuaTeX not detected.
Package pdftexcmds Info: \pdf@primitive is available.
Package pdftexcmds Info: \pdf@ifprimitive is available.
Package pdftexcmds Info: \pdfdraftmode found.
Package: pdfescape 2011/11/25 v1.13 Implements pdfTeX's escape features (HO)
Package: bigintcalc 2012/04/08 v1.3 Expandable calculations on big integers (HO
)
Package: bitset 2011/01/30 v1.1 Handle bit-vector datatype (HO)
Package: uniquecounter 2011/01/30 v1.2 Provide unlimited unique counter (HO)
)
Package hobsub Info: Skipping package `hobsub' (already loaded).
Package: letltxmacro 2010/09/02 v1.4 Let assignment for LaTeX macros (HO)
Package: hopatch 2012/05/28 v1.2 Wrapper for package hooks (HO)
Package: xcolor-patch 2011/01/30 xcolor patch
Package: atveryend 2011/06/30 v1.8 Hooks at the very end of document (HO)
Package atveryend Info: \enddocument detected (standard20110627).
Package: atbegshi 2011/10/05 v1.16 At begin shipout hook (HO)
Package: refcount 2011/10/16 v3.4 Data extraction from label references (HO)
Package: hycolor 2011/01/30 v1.7 Color options for hyperref/bookmark (HO)
)
(/usr/share/texlive/texmf-dist/tex/latex/oberdiek/auxhook.sty
Package: auxhook 2011/03/04 v1.3 Hooks for auxiliary files (HO)
)
(/usr/share/texlive/texmf-dist/tex/latex/oberdiek/kvoptions.sty
Package: kvoptions 2011/06/30 v3.11 Key value format for package options (HO)
)
\@linkdim=\dimen161
\Hy@linkcounter=\count118
\Hy@pagecounter=\count119

(/usr/share/texlive/texmf-dist/tex/latex/hyperref/pd1enc.def
File: pd1enc.def 2012/11/06 v6.83m Hyperref: PDFDocEncoding definition (HO)
)
\Hy@SavedSpaceFactor=\count120

(/usr/share/texlive/texmf-dist/tex/latex/latexconfig/hyperref.cfg
File: hyperref.cfg 2002/06/06 v1.2 hyperref configuration of TeXLive
)
Package hyperref Info: Option `bookmarks' set `true' on input line 4319.
Package hyperref Info: Option `bookmarksopen' set `true' on input line 4319.
Package hyperref Info: Option `implicit' set `false' on input line 4319.
Package hyperref Info: Hyper figures OFF on input line 4443.
Package hyperref Info: Link nesting OFF on input line 4448.
Package hyperref Info: Hyper index ON on input line 4451.
Package hyperref Info: Plain pages OFF on input line 4458.
Package hyperref Info: Backreferencing OFF on input line 4463.
Package hyperref Info: Implicit mode OFF; no redefinition of LaTeX internals.
Package hyperref Info: Bookmarks ON on input line 4688.
\c@Hy@tempcnt=\count121

(/usr/share/texlive/texmf-dist/tex/latex/url/url.sty
\Urlmuskip=\muskip10
Package: url 2013/09/16  ver 3.4  Verb mode for urls, etc.
)
LaTeX Info: Redefining \url on input line 5041.
\XeTeXLinkMargin=\dimen162
\Fld@menulength=\count122
\Field@Width=\dimen163
\Fld@charsize=\dimen164
Package hyperref Info: Hyper figures OFF on input line 6295.
Package hyperref Info: Link nesting OFF on input line 6300.
Package hyperref Info: Hyper index ON on input line 6303.
Package hyperref Info: backreferencing OFF on input line 6310.
Package hyperref Info: Link coloring OFF on input line 6315.
Package hyperref Info: Link coloring with OCG OFF on input line 6320.
Package hyperref Info: PDF/A mode OFF on input line 6325.
LaTeX Info: Redefining \ref on input line 6365.
LaTeX Info: Redefining \pageref on input line 6369.
\Hy@abspage=\count123


Package hyperref Message: Stopped early.

)

Package hyperref Message: Driver (autodetected): hpdftex.

(/usr/share/texlive/texmf-dist/tex/latex/hyperref/hpdftex.def
File: hpdftex.def 2012/11/06 v6.83m Hyperref driver for pdfTeX
\Fld@listcount=\count124
\c@bookmark@seq@number=\count125

(/usr/share/texlive/texmf-dist/tex/latex/oberdiek/rerunfilecheck.sty
Package: rerunfilecheck 2011/04/15 v1.7 Rerun checks for auxiliary files (HO)
Package uniquecounter Info: New unique counter `rerunfilecheck' on input line 2
82.
))
(/usr/share/texmf/tex/latex/beamer/base/beamerbaserequires.sty
Package: beamerbaserequires 2010/05/01  (rcs-revision efa082c6111d)

(/usr/share/texmf/tex/latex/beamer/base/beamerbasecompatibility.sty
Package: beamerbasecompatibility 2012/05/01  (rcs-revision 67c48b3b652d)
)
(/usr/share/texmf/tex/latex/beamer/base/beamerbasefont.sty
Package: beamerbasefont 2012/09/19  (rcs-revision 733629cd0c6c)

(/usr/share/texlive/texmf-dist/tex/latex/amsfonts/amssymb.sty
Package: amssymb 2013/01/14 v3.01 AMS font symbols

(/usr/share/texlive/texmf-dist/tex/latex/amsfonts/amsfonts.sty
Package: amsfonts 2013/01/14 v3.01 Basic AMSFonts support
\@emptytoks=\toks23
\symAMSa=\mathgroup4
\symAMSb=\mathgroup5
LaTeX Font Info:    Overwriting math alphabet `\mathfrak' in version `bold'
(Font)                  U/euf/m/n --> U/euf/b/n on input line 106.
)))
(/usr/share/texmf/tex/latex/beamer/base/beamerbasetranslator.sty
Package: beamerbasetranslator 2010/06/11  (rcs-revision 85fd1cc7fc42)

(/usr/share/texmf/tex/latex/beamer/base/translator/translator.sty
Package: translator 2010/06/12 ver 1.10

(/usr/share/texmf/tex/latex/beamer/base/translator/translator-language-mappings
.tex))) (/usr/share/texmf/tex/latex/beamer/base/beamerbasemisc.sty
Package: beamerbasemisc 2012/02/24  (rcs-revision 2ff5461be705)
)
(/usr/share/texmf/tex/latex/beamer/base/beamerbasetwoscreens.sty
Package: beamerbasetwoscreens 2010/05/01  (rcs-revision efa082c6111d)
)
(/usr/share/texmf/tex/latex/beamer/base/beamerbaseoverlay.sty
Package: beamerbaseoverlay 2012/11/11  (rcs-revision 6afbc49b1109)
\beamer@argscount=\count126
\beamer@lastskipcover=\skip44
\beamer@trivlistdepth=\count127
)
(/usr/share/texmf/tex/latex/beamer/base/beamerbasetitle.sty
Package: beamerbasetitle 2010/09/21  (rcs-revision f0446ed0b6ae)
)
(/usr/share/texmf/tex/latex/beamer/base/beamerbasesection.sty
Package: beamerbasesection 2012/11/11  (rcs-revision 0056eef6f17f)
\c@lecture=\count128
\c@part=\count129
\c@section=\count130
\c@subsection=\count131
\c@subsubsection=\count132
)
(/usr/share/texmf/tex/latex/beamer/base/beamerbaseframe.sty
Package: beamerbaseframe 2012/09/13  (rcs-revision dcd846607320)
\beamer@framebox=\box40
\beamer@frametitlebox=\box41
\beamer@zoombox=\box42
\beamer@zoomcount=\count133
\beamer@zoomframecount=\count134
\beamer@frametextheight=\dimen165
\c@subsectionslide=\count135
\beamer@frametopskip=\skip45
\beamer@framebottomskip=\skip46
\beamer@frametopskipautobreak=\skip47
\beamer@framebottomskipautobreak=\skip48
\beamer@envbody=\toks24
\framewidth=\dimen166
\c@framenumber=\count136
)
(/usr/share/texmf/tex/latex/beamer/base/beamerbaseverbatim.sty
Package: beamerbaseverbatim 2012/08/30  (rcs-revision dfdb135076b3)
\beamer@verbatimfileout=\write4
)
(/usr/share/texmf/tex/latex/beamer/base/beamerbaseframesize.sty
Package: beamerbaseframesize 2011/09/12  (rcs-revision 70f9d8411e54)
\beamer@splitbox=\box43
\beamer@autobreakcount=\count137
\beamer@autobreaklastheight=\dimen167
\beamer@frametitletoks=\toks25
\beamer@framesubtitletoks=\toks26
)
(/usr/share/texmf/tex/latex/beamer/base/beamerbaseframecomponents.sty
Package: beamerbaseframecomponents 2012/09/13  (rcs-revision dcd846607320)
\beamer@footins=\box44
)
(/usr/share/texmf/tex/latex/beamer/base/beamerbasecolor.sty
Package: beamerbasecolor 2010/06/06  (rcs-revision d1a9b48be06d)
)
(/usr/share/texmf/tex/latex/beamer/base/beamerbasenotes.sty
Package: beamerbasenotes 2010/05/01  (rcs-revision efa082c6111d)
\beamer@frameboxcopy=\box45
)
(/usr/share/texmf/tex/latex/beamer/base/beamerbasetoc.sty
Package: beamerbasetoc 2012/10/02  (rcs-revision 5ed0f4010e8a)
)
(/usr/share/texmf/tex/latex/beamer/base/beamerbasetemplates.sty
Package: beamerbasetemplates 2010/05/01  (rcs-revision efa082c6111d)
\beamer@sbttoks=\toks27

(/usr/share/texmf/tex/latex/beamer/base/beamerbaseauxtemplates.sty
Package: beamerbaseauxtemplates 2012/05/01  (rcs-revision 67c48b3b652d)

(/usr/share/texmf/tex/latex/beamer/base/beamerbaseboxes.sty
Package: beamerbaseboxes 2012/05/13  (rcs-revision 56972908a390)
\bmb@box=\box46
\bmb@colorbox=\box47
\bmb@boxshadow=\box48
\bmb@boxshadowball=\box49
\bmb@boxshadowballlarge=\box50
\bmb@temp=\dimen168
\bmb@dima=\dimen169
\bmb@dimb=\dimen170
\bmb@prevheight=\dimen171
)
\beamer@blockheadheight=\dimen172
))
(/usr/share/texmf/tex/latex/beamer/base/beamerbaselocalstructure.sty
Package: beamerbaselocalstructure 2012/11/13  (rcs-revision ddfba79dac19)

(/usr/share/texlive/texmf-dist/tex/latex/tools/enumerate.sty
Package: enumerate 1999/03/05 v3.00 enumerate extensions (DPC)
\@enLab=\toks28
)
\c@figure=\count138
\c@table=\count139
\abovecaptionskip=\skip49
\belowcaptionskip=\skip50
)
(/usr/share/texmf/tex/latex/beamer/base/beamerbasenavigation.sty
Package: beamerbasenavigation 2012/04/03  (rcs-revision 42a0f21a412d)
\beamer@section@min@dim=\dimen173
)
(/usr/share/texmf/tex/latex/beamer/base/beamerbasetheorems.sty
Package: beamerbasetheorems 2010/06/06  (rcs-revision 7e7cc5e53e9d)

(/usr/share/texlive/texmf-dist/tex/latex/amsmath/amsmath.sty
Package: amsmath 2013/01/14 v2.14 AMS math features
\@mathmargin=\skip51

For additional information on amsmath, use the `?' option.
(/usr/share/texlive/texmf-dist/tex/latex/amsmath/amstext.sty
Package: amstext 2000/06/29 v2.01

(/usr/share/texlive/texmf-dist/tex/latex/amsmath/amsgen.sty
File: amsgen.sty 1999/11/30 v2.0
\@emptytoks=\toks29
\ex@=\dimen174
))
(/usr/share/texlive/texmf-dist/tex/latex/amsmath/amsbsy.sty
Package: amsbsy 1999/11/29 v1.2d
\pmbraise@=\dimen175
)
(/usr/share/texlive/texmf-dist/tex/latex/amsmath/amsopn.sty
Package: amsopn 1999/12/14 v2.01 operator names
)
\inf@bad=\count140
LaTeX Info: Redefining \frac on input line 210.
\uproot@=\count141
\leftroot@=\count142
LaTeX Info: Redefining \overline on input line 306.
\classnum@=\count143
\DOTSCASE@=\count144
LaTeX Info: Redefining \ldots on input line 378.
LaTeX Info: Redefining \dots on input line 381.
LaTeX Info: Redefining \cdots on input line 466.
\Mathstrutbox@=\box51
\strutbox@=\box52
\big@size=\dimen176
LaTeX Font Info:    Redeclaring font encoding OML on input line 566.
LaTeX Font Info:    Redeclaring font encoding OMS on input line 567.
\macc@depth=\count145
\c@MaxMatrixCols=\count146
\dotsspace@=\muskip11
\c@parentequation=\count147
\dspbrk@lvl=\count148
\tag@help=\toks30
\row@=\count149
\column@=\count150
\maxfields@=\count151
\andhelp@=\toks31
\eqnshift@=\dimen177
\alignsep@=\dimen178
\tagshift@=\dimen179
\tagwidth@=\dimen180
\totwidth@=\dimen181
\lineht@=\dimen182
\@envbody=\toks32
\multlinegap=\skip52
\multlinetaggap=\skip53
\mathdisplay@stack=\toks33
LaTeX Info: Redefining \[ on input line 2665.
LaTeX Info: Redefining \] on input line 2666.
)
(/usr/share/texlive/texmf-dist/tex/latex/amscls/amsthm.sty
Package: amsthm 2004/08/06 v2.20
\thm@style=\toks34
\thm@bodyfont=\toks35
\thm@headfont=\toks36
\thm@notefont=\toks37
\thm@headpunct=\toks38
\thm@preskip=\skip54
\thm@postskip=\skip55
\thm@headsep=\skip56
\dth@everypar=\toks39
)
\c@theorem=\count152
)
(/usr/share/texmf/tex/latex/beamer/base/beamerbasethemes.sty
Package: beamerbasethemes 2010/05/01  (rcs-revision efa082c6111d)
))
(/usr/share/texmf/tex/latex/beamer/base/themes/theme/beamerthemedefault.sty
Package: beamerthemedefault 2010/06/17  (rcs-revision d02a7cf4d8ae)

(/usr/share/texmf/tex/latex/beamer/base/themes/font/beamerfontthemedefault.sty
Package: beamerfontthemedefault 2010/06/17  (rcs-revision d02a7cf4d8ae)
)
(/usr/share/texmf/tex/latex/beamer/base/themes/color/beamercolorthemedefault.st
y
Package: beamercolorthemedefault 2010/06/17  (rcs-revision d02a7cf4d8ae)
)
(/usr/share/texmf/tex/latex/beamer/base/themes/inner/beamerinnerthemedefault.st
y
Package: beamerinnerthemedefault 2012/05/01  (rcs-revision 67c48b3b652d)
\beamer@dima=\dimen183
\beamer@dimb=\dimen184
)
(/usr/share/texmf/tex/latex/beamer/base/themes/outer/beamerouterthemedefault.st
y
Package: beamerouterthemedefault 2012/10/02  (rcs-revision 5ed0f4010e8a)
)))
(/usr/share/texmf/tex/latex/beamer/base/themes/theme/beamerthemeCambridgeUS.sty
Package: beamerthemeCambridgeUS 2010/06/17  (rcs-revision d02a7cf4d8ae)

(/usr/share/texmf/tex/latex/beamer/base/themes/inner/beamerinnerthemerounded.st
y
Package: beamerinnerthemerounded 2010/06/17  (rcs-revision d02a7cf4d8ae)
)
(/usr/share/texmf/tex/latex/beamer/base/themes/outer/beamerouterthemeinfolines.
sty
Package: beamerouterthemeinfolines 2012/10/16  (rcs-revision 51a8c72084af)
)
(/usr/share/texmf/tex/latex/beamer/base/themes/color/beamercolorthemebeaver.sty
Package: beamercolorthemebeaver 2010/06/17  (rcs-revision d02a7cf4d8ae)
)) (/usr/share/texmf/tex/latex/beamer/base/themes/font/beamerfontthemeserif.sty
Package: beamerfontthemeserif 2010/06/17  (rcs-revision d02a7cf4d8ae)
) (/usr/share/texlive/texmf-dist/tex/latex/base/inputenc.sty
Package: inputenc 2008/03/30 v1.1d Input encoding file
\inpenc@prehook=\toks40
\inpenc@posthook=\toks41

(/usr/share/texlive/texmf-dist/tex/latex/base/utf8.def
File: utf8.def 2008/04/05 v1.1m UTF-8 support for inputenc
Now handling font encoding OML ...
... no UTF-8 mapping file for font encoding OML
Now handling font encoding T1 ...
... processing UTF-8 mapping file for font encoding T1

(/usr/share/texlive/texmf-dist/tex/latex/base/t1enc.dfu
File: t1enc.dfu 2008/04/05 v1.1m UTF-8 support for inputenc
   defining Unicode char U+00A1 (decimal 161)
   defining Unicode char U+00A3 (decimal 163)
   defining Unicode char U+00AB (decimal 171)
   defining Unicode char U+00BB (decimal 187)
   defining Unicode char U+00BF (decimal 191)
   defining Unicode char U+00C0 (decimal 192)
   defining Unicode char U+00C1 (decimal 193)
   defining Unicode char U+00C2 (decimal 194)
   defining Unicode char U+00C3 (decimal 195)
   defining Unicode char U+00C4 (decimal 196)
   defining Unicode char U+00C5 (decimal 197)
   defining Unicode char U+00C6 (decimal 198)
   defining Unicode char U+00C7 (decimal 199)
   defining Unicode char U+00C8 (decimal 200)
   defining Unicode char U+00C9 (decimal 201)
   defining Unicode char U+00CA (decimal 202)
   defining Unicode char U+00CB (decimal 203)
   defining Unicode char U+00CC (decimal 204)
   defining Unicode char U+00CD (decimal 205)
   defining Unicode char U+00CE (decimal 206)
   defining Unicode char U+00CF (decimal 207)
   defining Unicode char U+00D0 (decimal 208)
   defining Unicode char U+00D1 (decimal 209)
   defining Unicode char U+00D2 (decimal 210)
   defining Unicode char U+00D3 (decimal 211)
   defining Unicode char U+00D4 (decimal 212)
   defining Unicode char U+00D5 (decimal 213)
   defining Unicode char U+00D6 (decimal 214)
   defining Unicode char U+00D8 (decimal 216)
   defining Unicode char U+00D9 (decimal 217)
   defining Unicode char U+00DA (decimal 218)
   defining Unicode char U+00DB (decimal 219)
   defining Unicode char U+00DC (decimal 220)
   defining Unicode char U+00DD (decimal 221)
   defining Unicode char U+00DE (decimal 222)
   defining Unicode char U+00DF (decimal 223)
   defining Unicode char U+00E0 (decimal 224)
   defining Unicode char U+00E1 (decimal 225)
   defining Unicode char U+00E2 (decimal 226)
   defining Unicode char U+00E3 (decimal 227)
   defining Unicode char U+00E4 (decimal 228)
   defining Unicode char U+00E5 (decimal 229)
   defining Unicode char U+00E6 (decimal 230)
   defining Unicode char U+00E7 (decimal 231)
   defining Unicode char U+00E8 (decimal 232)
   defining Unicode char U+00E9 (decimal 233)
   defining Unicode char U+00EA (decimal 234)
   defining Unicode char U+00EB (decimal 235)
   defining Unicode char U+00EC (decimal 236)
   defining Unicode char U+00ED (decimal 237)
   defining Unicode char U+00EE (decimal 238)
   defining Unicode char U+00EF (decimal 239)
   defining Unicode char U+00F0 (decimal 240)
   defining Unicode char U+00F1 (decimal 241)
   defining Unicode char U+00F2 (decimal 242)
   defining Unicode char U+00F3 (decimal 243)
   defining Unicode char U+00F4 (decimal 244)
   defining Unicode char U+00F5 (decimal 245)
   defining Unicode char U+00F6 (decimal 246)
   defining Unicode char U+00F8 (decimal 248)
   defining Unicode char U+00F9 (decimal 249)
   defining Unicode char U+00FA (decimal 250)
   defining Unicode char U+00FB (decimal 251)
   defining Unicode char U+00FC (decimal 252)
   defining Unicode char U+00FD (decimal 253)
   defining Unicode char U+00FE (decimal 254)
   defining Unicode char U+00FF (decimal 255)
   defining Unicode char U+0102 (decimal 258)
   defining Unicode char U+0103 (decimal 259)
   defining Unicode char U+0104 (decimal 260)
   defining Unicode char U+0105 (decimal 261)
   defining Unicode char U+0106 (decimal 262)
   defining Unicode char U+0107 (decimal 263)
   defining Unicode char U+010C (decimal 268)
   defining Unicode char U+010D (decimal 269)
   defining Unicode char U+010E (decimal 270)
   defining Unicode char U+010F (decimal 271)
   defining Unicode char U+0110 (decimal 272)
   defining Unicode char U+0111 (decimal 273)
   defining Unicode char U+0118 (decimal 280)
   defining Unicode char U+0119 (decimal 281)
   defining Unicode char U+011A (decimal 282)
   defining Unicode char U+011B (decimal 283)
   defining Unicode char U+011E (decimal 286)
   defining Unicode char U+011F (decimal 287)
   defining Unicode char U+0130 (decimal 304)
   defining Unicode char U+0131 (decimal 305)
   defining Unicode char U+0132 (decimal 306)
   defining Unicode char U+0133 (decimal 307)
   defining Unicode char U+0139 (decimal 313)
   defining Unicode char U+013A (decimal 314)
   defining Unicode char U+013D (decimal 317)
   defining Unicode char U+013E (decimal 318)
   defining Unicode char U+0141 (decimal 321)
   defining Unicode char U+0142 (decimal 322)
   defining Unicode char U+0143 (decimal 323)
   defining Unicode char U+0144 (decimal 324)
   defining Unicode char U+0147 (decimal 327)
   defining Unicode char U+0148 (decimal 328)
   defining Unicode char U+014A (decimal 330)
   defining Unicode char U+014B (decimal 331)
   defining Unicode char U+0150 (decimal 336)
   defining Unicode char U+0151 (decimal 337)
   defining Unicode char U+0152 (decimal 338)
   defining Unicode char U+0153 (decimal 339)
   defining Unicode char U+0154 (decimal 340)
   defining Unicode char U+0155 (decimal 341)
   defining Unicode char U+0158 (decimal 344)
   defining Unicode char U+0159 (decimal 345)
   defining Unicode char U+015A (decimal 346)
   defining Unicode char U+015B (decimal 347)
   defining Unicode char U+015E (decimal 350)
   defining Unicode char U+015F (decimal 351)
   defining Unicode char U+0160 (decimal 352)
   defining Unicode char U+0161 (decimal 353)
   defining Unicode char U+0162 (decimal 354)
   defining Unicode char U+0163 (decimal 355)
   defining Unicode char U+0164 (decimal 356)
   defining Unicode char U+0165 (decimal 357)
   defining Unicode char U+016E (decimal 366)
   defining Unicode char U+016F (decimal 367)
   defining Unicode char U+0170 (decimal 368)
   defining Unicode char U+0171 (decimal 369)
   defining Unicode char U+0178 (decimal 376)
   defining Unicode char U+0179 (decimal 377)
   defining Unicode char U+017A (decimal 378)
   defining Unicode char U+017B (decimal 379)
   defining Unicode char U+017C (decimal 380)
   defining Unicode char U+017D (decimal 381)
   defining Unicode char U+017E (decimal 382)
   defining Unicode char U+200C (decimal 8204)
   defining Unicode char U+2013 (decimal 8211)
   defining Unicode char U+2014 (decimal 8212)
   defining Unicode char U+2018 (decimal 8216)
   defining Unicode char U+2019 (decimal 8217)
   defining Unicode char U+201A (decimal 8218)
   defining Unicode char U+201C (decimal 8220)
   defining Unicode char U+201D (decimal 8221)
   defining Unicode char U+201E (decimal 8222)
   defining Unicode char U+2030 (decimal 8240)
   defining Unicode char U+2031 (decimal 8241)
   defining Unicode char U+2039 (decimal 8249)
   defining Unicode char U+203A (decimal 8250)
   defining Unicode char U+2423 (decimal 9251)
)
Now handling font encoding OT1 ...
... processing UTF-8 mapping file for font encoding OT1

(/usr/share/texlive/texmf-dist/tex/latex/base/ot1enc.dfu
File: ot1enc.dfu 2008/04/05 v1.1m UTF-8 support for inputenc
   defining Unicode char U+00A1 (decimal 161)
   defining Unicode char U+00A3 (decimal 163)
   defining Unicode char U+00B8 (decimal 184)
   defining Unicode char U+00BF (decimal 191)
   defining Unicode char U+00C5 (decimal 197)
   defining Unicode char U+00C6 (decimal 198)
   defining Unicode char U+00D8 (decimal 216)
   defining Unicode char U+00DF (decimal 223)
   defining Unicode char U+00E6 (decimal 230)
   defining Unicode char U+00EC (decimal 236)
   defining Unicode char U+00ED (decimal 237)
   defining Unicode char U+00EE (decimal 238)
   defining Unicode char U+00EF (decimal 239)
   defining Unicode char U+00F8 (decimal 248)
   defining Unicode char U+0131 (decimal 305)
   defining Unicode char U+0141 (decimal 321)
   defining Unicode char U+0142 (decimal 322)
   defining Unicode char U+0152 (decimal 338)
   defining Unicode char U+0153 (decimal 339)
   defining Unicode char U+2013 (decimal 8211)
   defining Unicode char U+2014 (decimal 8212)
   defining Unicode char U+2018 (decimal 8216)
   defining Unicode char U+2019 (decimal 8217)
   defining Unicode char U+201C (decimal 8220)
   defining Unicode char U+201D (decimal 8221)
)
Now handling font encoding OMS ...
... processing UTF-8 mapping file for font encoding OMS

(/usr/share/texlive/texmf-dist/tex/latex/base/omsenc.dfu
File: omsenc.dfu 2008/04/05 v1.1m UTF-8 support for inputenc
   defining Unicode char U+00A7 (decimal 167)
   defining Unicode char U+00B6 (decimal 182)
   defining Unicode char U+00B7 (decimal 183)
   defining Unicode char U+2020 (decimal 8224)
   defining Unicode char U+2021 (decimal 8225)
   defining Unicode char U+2022 (decimal 8226)
)
Now handling font encoding OMX ...
... no UTF-8 mapping file for font encoding OMX
Now handling font encoding U ...
... no UTF-8 mapping file for font encoding U
Now handling font encoding PD1 ...
... no UTF-8 mapping file for font encoding PD1
   defining Unicode char U+00A9 (decimal 169)
   defining Unicode char U+00AA (decimal 170)
   defining Unicode char U+00AE (decimal 174)
   defining Unicode char U+00BA (decimal 186)
   defining Unicode char U+02C6 (decimal 710)
   defining Unicode char U+02DC (decimal 732)
   defining Unicode char U+200C (decimal 8204)
   defining Unicode char U+2026 (decimal 8230)
   defining Unicode char U+2122 (decimal 8482)
   defining Unicode char U+2423 (decimal 9251)
))
(/usr/share/texlive/texmf-dist/tex/generic/genmisc/default.sty 1.3 13/7/98
    DEFAULT.STY version 1.3 July 1998 By Z Jiang
    University of New England, Australia
    Email: zhuhan@neumann.une.edu.au
)
(/usr/share/texlive/texmf-dist/tex/latex/booktabs/booktabs.sty
Package: booktabs 2005/04/14 v1.61803 publication quality tables
\heavyrulewidth=\dimen188
\lightrulewidth=\dimen189
\cmidrulewidth=\dimen190
\belowrulesep=\dimen191
\belowbottomsep=\dimen192
\aboverulesep=\dimen193
\abovetopsep=\dimen194
\cmidrulesep=\dimen195
\cmidrulekern=\dimen196
\defaultaddspace=\dimen197
\@cmidla=\count158
\@cmidlb=\count159
\@aboverulesep=\dimen198
\@belowrulesep=\dimen199
\@thisruleclass=\count160
\@lastruleclass=\count161
\@thisrulewidth=\dimen200
)
(/usr/share/texlive/texmf-dist/tex/latex/psnfss/pifont.sty
Package: pifont 2005/04/12 PSNFSS-v9.2a Pi font support (SPQR) 
LaTeX Font Info:    Try loading font information for U+pzd on input line 63.

(/usr/share/texlive/texmf-dist/tex/latex/psnfss/upzd.fd
File: upzd.fd 2001/06/04 font definitions for U/pzd.
)
LaTeX Font Info:    Try loading font information for U+psy on input line 64.

(/usr/share/texlive/texmf-dist/tex/latex/psnfss/upsy.fd
File: upsy.fd 2001/06/04 font definitions for U/psy.
))
(/usr/share/texlive/texmf-dist/tex/latex/lineno/lineno.sty
Package: lineno 2005/11/02 line numbers on paragraphs v4.41
\linenopenalty=\count162
\output=\toks54
\linenoprevgraf=\count163
\linenumbersep=\dimen201
\linenumberwidth=\dimen202
\c@linenumber=\count164
\c@pagewiselinenumber=\count165
\c@LN@truepage=\count166
\c@internallinenumber=\count167
\c@internallinenumbers=\count168
\quotelinenumbersep=\dimen203
\bframerule=\dimen204
\bframesep=\dimen205
\bframebox=\box56
LaTeX Info: Redefining \\ on input line 3056.
)
(/usr/share/texlive/texmf-dist/tex/latex/comment/comment.sty
\CommentStream=\write5

Excluding comment 'comment')
(/usr/share/texlive/texmf-dist/tex/latex/subfig/subfig.sty
Package: subfig 2005/06/28 ver: 1.3 subfig package

(/usr/share/texlive/texmf-dist/tex/latex/caption/caption.sty
Package: caption 2013/05/02 v3.3-89 Customizing captions (AR)

(/usr/share/texlive/texmf-dist/tex/latex/caption/caption3.sty
Package: caption3 2013/05/02 v1.6-88 caption3 kernel (AR)
Package caption3 Info: TeX engine: e-TeX on input line 57.
\captionmargin=\dimen206
\captionmargin@=\dimen207
\captionwidth=\dimen208
\caption@tempdima=\dimen209
\caption@indent=\dimen210
\caption@parindent=\dimen211
\caption@hangindent=\dimen212
)
\c@ContinuedFloat=\count169
Package caption Info: beamer document class.
Package caption Info: hyperref package is loaded.
Package caption Info: Hyperref support is turned off
(caption)             because hyperref has stopped early.
)
\c@KVtest=\count170
\sf@farskip=\skip57
\sf@captopadj=\dimen213
\sf@capskip=\skip58
\sf@nearskip=\skip59
\c@subfigure=\count171
\c@subfigure@save=\count172
\c@depth=\count173
\c@subtable=\count174
\c@subtable@save=\count175
\sf@top=\skip60
\sf@bottom=\skip61
)
(/usr/share/texlive/texmf-dist/tex/latex/overpic/overpic.sty
Package: overpic 2010/09/13 v0.53  Overwriting graphics

Package: overpic v0.53 <2010/09/13> (RN)
(/usr/share/texlive/texmf-dist/tex/latex/eepic/epic.sty
Enhancements to Picture Environment. Version 1.2 - Released June 1, 1986
\@@multicnt=\count176
\d@lta=\count177
\@delta=\dimen214
\@@delta=\dimen215
\@gridcnt=\count178
\@joinkind=\count179
\@dotgap=\dimen216
\@ddotgap=\dimen217
\@x@diff=\count180
\@y@diff=\count181
\x@diff=\dimen218
\y@diff=\dimen219
\@dotbox=\box57
\num@segments=\count182
\num@segmentsi=\count183
\@datafile=\read5
)
overpic: relative positioning in percent
) (/usr/share/texlive/texmf-dist/tex/latex/movie15/movie15.sty
Package: movie15 2012/05/16

(/usr/share/texlive/texmf-dist/tex/latex/base/ifthen.sty
Package: ifthen 2001/05/26 v1.1c Standard LaTeX ifthen package (DPC)
)
(/usr/share/texlive/texmf-dist/tex/latex/oberdiek/ifdraft.sty
Package: ifdraft 2008/08/11 v1.3 Detect class options draft and final (HO)
)
\@MXV@page=\count184
\@MXV@adict=\count185
\@MXV@aadict=\count186
\@MXV@includes=\count187
\@MXV@players=\count188
\@MXV@links=\count189
\@MXV@width=\dimen220
\@MXV@height=\dimen221
\@MXV@depth=\dimen222
\@MXV@totalheight=\dimen223
\@MXV@@boxdepth=\dimen224
\@MXV@traiselen=\dimen225
\@MXV@braiselen=\dimen226
\@MXV@start=\dimen227
\@MXV@end=\dimen228
\@MXV@textbox=\box58
)
(/usr/share/texlive/texmf-dist/tex/latex/jknapltx/mathrsfs.sty
Package: mathrsfs 1996/01/01 Math RSFS package v1.0 (jk)
\symrsfs=\mathgroup6
)
(/usr/share/texlive/texmf-dist/tex/latex/base/fixltx2e.sty
Package: fixltx2e 2006/09/13 v1.1m fixes to LaTeX
LaTeX Info: Redefining \em on input line 420.
LaTeX Info: The control sequence `\[' is already robust on input line 471.
LaTeX Info: The control sequence `\]' is already robust on input line 472.
) (./nyu_bhamre.aux

LaTeX Warning: Label `' multiply defined.


LaTeX Warning: Label `' multiply defined.


LaTeX Warning: Label `' multiply defined.


LaTeX Warning: Label `' multiply defined.


LaTeX Warning: Label `' multiply defined.


LaTeX Warning: Label `sub@' multiply defined.


LaTeX Warning: Label `' multiply defined.


LaTeX Warning: Label `sub@' multiply defined.


LaTeX Warning: Label `' multiply defined.


LaTeX Warning: Label `sub@' multiply defined.


LaTeX Warning: Label `' multiply defined.


LaTeX Warning: Label `sub@' multiply defined.

)
\openout1 = `nyu_bhamre.aux'.

LaTeX Font Info:    Checking defaults for OML/cmm/m/it on input line 23.
LaTeX Font Info:    ... okay on input line 23.
LaTeX Font Info:    Checking defaults for T1/cmr/m/n on input line 23.
LaTeX Font Info:    ... okay on input line 23.
LaTeX Font Info:    Checking defaults for OT1/cmr/m/n on input line 23.
LaTeX Font Info:    ... okay on input line 23.
LaTeX Font Info:    Checking defaults for OMS/cmsy/m/n on input line 23.
LaTeX Font Info:    ... okay on input line 23.
LaTeX Font Info:    Checking defaults for OMX/cmex/m/n on input line 23.
LaTeX Font Info:    ... okay on input line 23.
LaTeX Font Info:    Checking defaults for U/cmr/m/n on input line 23.
LaTeX Font Info:    ... okay on input line 23.
LaTeX Font Info:    Checking defaults for PD1/pdf/m/n on input line 23.
LaTeX Font Info:    ... okay on input line 23.

*geometry* driver: auto-detecting
*geometry* detected driver: pdftex
*geometry* verbose mode - [ preamble ] result:
* driver: pdftex
* paper: custom
* layout: <same size as paper>
* layoutoffset:(h,v)=(0.0pt,0.0pt)
* modes: includehead includefoot 
* h-part:(L,W,R)=(10.95003pt, 342.2953pt, 10.95003pt)
* v-part:(T,H,B)=(0.0pt, 273.14662pt, 0.0pt)
* \paperwidth=364.19536pt
* \paperheight=273.14662pt
* \textwidth=342.2953pt
* \textheight=244.6939pt
* \oddsidemargin=-61.31996pt
* \evensidemargin=-61.31996pt
* \topmargin=-72.26999pt
* \headheight=14.22636pt
* \headsep=0.0pt
* \topskip=11.0pt
* \footskip=14.22636pt
* \marginparwidth=4.0pt
* \marginparsep=10.0pt
* \columnsep=10.0pt
* \skip\footins=10.0pt plus 4.0pt minus 2.0pt
* \hoffset=0.0pt
* \voffset=0.0pt
* \mag=1000
* \@twocolumnfalse
* \@twosidefalse
* \@mparswitchfalse
* \@reversemarginfalse
* (1in=72.27pt=25.4mm, 1cm=28.453pt)

(/usr/share/texlive/texmf-dist/tex/context/base/supp-pdf.mkii
[Loading MPS to PDF converter (version 2006.09.02).]
\scratchcounter=\count190
\scratchdimen=\dimen229
\scratchbox=\box59
\nofMPsegments=\count191
\nofMParguments=\count192
\everyMPshowfont=\toks55
\MPscratchCnt=\count193
\MPscratchDim=\dimen230
\MPnumerator=\count194
\makeMPintoPDFobject=\count195
\everyMPtoPDFconversion=\toks56
) (/usr/share/texlive/texmf-dist/tex/latex/oberdiek/epstopdf-base.sty
Package: epstopdf-base 2010/02/09 v2.5 Base part for package epstopdf

(/usr/share/texlive/texmf-dist/tex/latex/oberdiek/grfext.sty
Package: grfext 2010/08/19 v1.1 Manage graphics extensions (HO)
)
Package grfext Info: Graphics extension search list:
(grfext)             [.png,.pdf,.jpg,.mps,.jpeg,.jbig2,.jb2,.PNG,.PDF,.JPG,.JPE
G,.JBIG2,.JB2,.eps]
(grfext)             \AppendGraphicsExtensions on input line 452.

(/usr/share/texlive/texmf-dist/tex/latex/latexconfig/epstopdf-sys.cfg
File: epstopdf-sys.cfg 2010/07/13 v1.3 Configuration of (r)epstopdf for TeX Liv
e
))
ABD: EveryShipout initializing macros
\AtBeginShipoutBox=\box60
Package hyperref Info: Link coloring OFF on input line 23.

(/usr/share/texlive/texmf-dist/tex/latex/hyperref/nameref.sty
Package: nameref 2012/10/27 v2.43 Cross-referencing by name of section

(/usr/share/texlive/texmf-dist/tex/generic/oberdiek/gettitlestring.sty
Package: gettitlestring 2010/12/03 v1.4 Cleanup title references (HO)
)
\c@section@level=\count196
)
LaTeX Info: Redefining \ref on input line 23.
LaTeX Info: Redefining \pageref on input line 23.
LaTeX Info: Redefining \nameref on input line 23.

(./nyu_bhamre.out) (./nyu_bhamre.out)
\@outlinefile=\write6
\openout6 = `nyu_bhamre.out'.


(/usr/share/texmf/tex/latex/beamer/base/translator/dicts/translator-basic-dicti
onary/translator-basic-dictionary-English.dict
Dictionary: translator-basic-dictionary, Language: English 
)
(/usr/share/texmf/tex/latex/beamer/base/translator/dicts/translator-bibliograph
y-dictionary/translator-bibliography-dictionary-English.dict
Dictionary: translator-bibliography-dictionary, Language: English 
)
(/usr/share/texmf/tex/latex/beamer/base/translator/dicts/translator-environment
-dictionary/translator-environment-dictionary-English.dict
Dictionary: translator-environment-dictionary, Language: English 
)
(/usr/share/texmf/tex/latex/beamer/base/translator/dicts/translator-months-dict
ionary/translator-months-dictionary-English.dict
Dictionary: translator-months-dictionary, Language: English 
)
(/usr/share/texmf/tex/latex/beamer/base/translator/dicts/translator-numbers-dic
tionary/translator-numbers-dictionary-English.dict
Dictionary: translator-numbers-dictionary, Language: English 
)
(/usr/share/texmf/tex/latex/beamer/base/translator/dicts/translator-theorem-dic
tionary/translator-theorem-dictionary-English.dict
Dictionary: translator-theorem-dictionary, Language: English 
)
LaTeX Info: Redefining \includegraphics on input line 23.
Package caption Info: Begin \AtBeginDocument code.
Package caption Info: subfig package v1.3 is loaded.
Package caption Info: End \AtBeginDocument code.
 (./nyu_bhamre.nav)

Package hyperref Warning: Option `pdfauthor' has already been used,
(hyperref)                setting the option has no effect on input line 30.


LaTeX Font Warning: Font shape `OT1/cmr/m/n' in size <4> not available
(Font)              size <5> substituted on input line 33.


Overfull \hbox (205.94017pt too wide) has occurred while \output is active
 [][]  \OT1/cmr/m/n/6 ([])  
 []


Overfull \hbox (64.65088pt too wide) has occurred while \output is active
 [][][][]  
 []

[1

{/var/lib/texmf/fonts/map/pdftex/updmap/pdftex.map}]
Package epstopdf Info: Source file: <jsb_fig_80s.eps>
(epstopdf)                    date: 2016-09-26 15:25:26
(epstopdf)                    size: 1110457 bytes
(epstopdf)             Output file: <jsb_fig_80s-eps-converted-to.pdf>
(epstopdf)                    date: 2016-09-26 15:25:26
(epstopdf)                    size: 573713 bytes
(epstopdf)             Command: <repstopdf --outfile=jsb_fig_80s-eps-converted-
to.pdf jsb_fig_80s.eps>
(epstopdf)             \includegraphics on input line 62.
Package epstopdf Info: Output file is already uptodate.

<jsb_fig_80s-eps-converted-to.pdf, id=79, 578.16pt x 433.62pt>
File: jsb_fig_80s-eps-converted-to.pdf Graphic file (type pdf)

<use jsb_fig_80s-eps-converted-to.pdf>
Package pdftex.def Info: jsb_fig_80s-eps-converted-to.pdf used on input line 62
.
(pdftex.def)             Requested size: 171.14764pt x 128.36009pt.


Package hyperref Warning: Ignoring empty anchor on input line 62.

LaTeX Font Info:    Try loading font information for U+msa on input line 62.
(/usr/share/texlive/texmf-dist/tex/latex/amsfonts/umsa.fd
File: umsa.fd 2013/01/14 v3.01 AMS symbols A
)
LaTeX Font Info:    Try loading font information for U+msb on input line 62.

(/usr/share/texlive/texmf-dist/tex/latex/amsfonts/umsb.fd
File: umsb.fd 2013/01/14 v3.01 AMS symbols B
)
LaTeX Font Info:    Try loading font information for U+rsfs on input line 62.

(/usr/share/texlive/texmf-dist/tex/latex/jknapltx/ursfs.fd
File: ursfs.fd 1998/03/24 rsfs font definition file (jk)
)
Overfull \hbox (205.94017pt too wide) has occurred while \output is active
 [][]  \OT1/cmr/m/n/6 ([])  
 []


Overfull \hbox (64.65088pt too wide) has occurred while \output is active
 [][][][]  
 []

[2

 <./jsb_fig_80s-eps-converted-to.pdf>]
Package epstopdf Info: Source file: <jsb_fig_tv.eps>
(epstopdf)                    date: 2016-09-26 15:25:26
(epstopdf)                    size: 611171 bytes
(epstopdf)             Output file: <jsb_fig_tv-eps-converted-to.pdf>
(epstopdf)                    date: 2016-09-26 15:25:26
(epstopdf)                    size: 348796 bytes
(epstopdf)             Command: <repstopdf --outfile=jsb_fig_tv-eps-converted-t
o.pdf jsb_fig_tv.eps>
(epstopdf)             \includegraphics on input line 85.
Package epstopdf Info: Output file is already uptodate.

<jsb_fig_tv-eps-converted-to.pdf, id=127, 578.16pt x 433.62pt>
File: jsb_fig_tv-eps-converted-to.pdf Graphic file (type pdf)

<use jsb_fig_tv-eps-converted-to.pdf>
Package pdftex.def Info: jsb_fig_tv-eps-converted-to.pdf used on input line 85.

(pdftex.def)             Requested size: 171.14764pt x 128.36009pt.


Package hyperref Warning: Ignoring empty anchor on input line 85.


Overfull \hbox (205.94017pt too wide) has occurred while \output is active
 [][]  \OT1/cmr/m/n/6 ([])  
 []


Overfull \hbox (64.65088pt too wide) has occurred while \output is active
 [][][][]  
 []

[3

 <./jsb_fig_tv-eps-converted-to.pdf>]
Package epstopdf Info: Source file: <jsb_fig_ip3.eps>
(epstopdf)                    date: 2016-09-26 15:25:26
(epstopdf)                    size: 438381 bytes
(epstopdf)             Output file: <jsb_fig_ip3-eps-converted-to.pdf>
(epstopdf)                    date: 2016-09-26 15:25:26
(epstopdf)                    size: 264509 bytes
(epstopdf)             Command: <repstopdf --outfile=jsb_fig_ip3-eps-converted-
to.pdf jsb_fig_ip3.eps>
(epstopdf)             \includegraphics on input line 105.
Package epstopdf Info: Output file is already uptodate.

<jsb_fig_ip3-eps-converted-to.pdf, id=171, 578.16pt x 433.62pt>
File: jsb_fig_ip3-eps-converted-to.pdf Graphic file (type pdf)

<use jsb_fig_ip3-eps-converted-to.pdf>
Package pdftex.def Info: jsb_fig_ip3-eps-converted-to.pdf used on input line 10
5.
(pdftex.def)             Requested size: 171.14764pt x 128.36009pt.


Package hyperref Warning: Ignoring empty anchor on input line 105.


Overfull \hbox (205.94017pt too wide) has occurred while \output is active
 [][]  \OT1/cmr/m/n/6 ([])  
 []


Overfull \hbox (64.65088pt too wide) has occurred while \output is active
 [][][][]  
 []

[4

 <./jsb_fig_ip3-eps-converted-to.pdf>]
Package epstopdf Info: Source file: <jsb_fig_70s.eps>
(epstopdf)                    date: 2016-09-26 15:25:26
(epstopdf)                    size: 478585 bytes
(epstopdf)             Output file: <jsb_fig_70s-eps-converted-to.pdf>
(epstopdf)                    date: 2016-09-26 15:25:26
(epstopdf)                    size: 317204 bytes
(epstopdf)             Command: <repstopdf --outfile=jsb_fig_70s-eps-converted-
to.pdf jsb_fig_70s.eps>
(epstopdf)             \includegraphics on input line 126.
Package epstopdf Info: Output file is already uptodate.

<jsb_fig_70s-eps-converted-to.pdf, id=213, 578.16pt x 433.62pt>
File: jsb_fig_70s-eps-converted-to.pdf Graphic file (type pdf)

<use jsb_fig_70s-eps-converted-to.pdf>
Package pdftex.def Info: jsb_fig_70s-eps-converted-to.pdf used on input line 12
6.
(pdftex.def)             Requested size: 171.14764pt x 128.36009pt.


Package hyperref Warning: Ignoring empty anchor on input line 126.


Overfull \hbox (205.94017pt too wide) has occurred while \output is active
 [][]  \OT1/cmr/m/n/6 ([])  
 []


Overfull \hbox (64.65088pt too wide) has occurred while \output is active
 [][][][]  
 []

[5

 <./jsb_fig_70s-eps-converted-to.pdf>]
Overfull \hbox (205.94017pt too wide) has occurred while \output is active
 [][]  \OT1/cmr/m/n/6 ([])  
 []


Overfull \hbox (64.65088pt too wide) has occurred while \output is active
 [][][][]  
 []

[6

]
Overfull \hbox (205.94017pt too wide) has occurred while \output is active
 [][]  \OT1/cmr/m/n/6 ([])  
 []


Overfull \hbox (64.65088pt too wide) has occurred while \output is active
 [][][][]  
 []

[7

]
Overfull \hbox (205.94017pt too wide) has occurred while \output is active
 [][]  \OT1/cmr/m/n/6 ([])  
 []


Overfull \hbox (64.65088pt too wide) has occurred while \output is active
 [][][][]  
 []

[8

]
Overfull \hbox (205.94017pt too wide) has occurred while \output is active
 [][]  \OT1/cmr/m/n/6 ([])  
 []


Overfull \hbox (64.65088pt too wide) has occurred while \output is active
 [][][][]  
 []

[9

]
Overfull \hbox (205.94017pt too wide) has occurred while \output is active
 [][]  \OT1/cmr/m/n/6 ([])  
 []


Overfull \hbox (64.65088pt too wide) has occurred while \output is active
 [][][][]  
 []

[10

]
Overfull \hbox (205.94017pt too wide) has occurred while \output is active
 [][]  \OT1/cmr/m/n/6 ([])  
 []


Overfull \hbox (64.65088pt too wide) has occurred while \output is active
 [][][][]  
 []

[11

]
Overfull \hbox (205.94017pt too wide) has occurred while \output is active
 [][]  \OT1/cmr/m/n/6 ([])  
 []


Overfull \hbox (64.65088pt too wide) has occurred while \output is active
 [][][][]  
 []

[12

]
Overfull \hbox (205.94017pt too wide) has occurred while \output is active
 [][]  \OT1/cmr/m/n/6 ([])  
 []


Overfull \hbox (64.65088pt too wide) has occurred while \output is active
 [][][][]  
 []

[13

] <ctf2-ice.png, id=480, 481.8pt x 338.76563pt>
File: ctf2-ice.png Graphic file (type png)
 <use ctf2-ice.png>
Package pdftex.def Info: ctf2-ice.png used on input line 168.
(pdftex.def)             Requested size: 192.71658pt x 135.50385pt.

Overfull \hbox (205.94017pt too wide) has occurred while \output is active
 [][]  \OT1/cmr/m/n/6 ([])  
 []


Overfull \hbox (64.65088pt too wide) has occurred while \output is active
 [][][][]  
 []

[14

 <./ctf2-ice.png>]
File: ctf2-ice.png Graphic file (type png)
 <use ctf2-ice.png>
Package pdftex.def Info: ctf2-ice.png used on input line 168.
(pdftex.def)             Requested size: 192.71658pt x 135.50385pt.

Overfull \hbox (205.94017pt too wide) has occurred while \output is active
 [][]  \OT1/cmr/m/n/6 ([])  
 []


Overfull \hbox (64.65088pt too wide) has occurred while \output is active
 [][][][]  
 []

[15

]
File: ctf2-ice.png Graphic file (type png)
 <use ctf2-ice.png>
Package pdftex.def Info: ctf2-ice.png used on input line 168.
(pdftex.def)             Requested size: 192.71658pt x 135.50385pt.

Overfull \hbox (205.94017pt too wide) has occurred while \output is active
 [][]  \OT1/cmr/m/n/6 ([])  
 []


Overfull \hbox (64.65088pt too wide) has occurred while \output is active
 [][][][]  
 []

[16

]
Overfull \hbox (205.94017pt too wide) has occurred while \output is active
 [][]  \OT1/cmr/m/n/6 ([])  
 []


Overfull \hbox (64.65088pt too wide) has occurred while \output is active
 [][][][]  
 []

[17

]
Overfull \hbox (205.94017pt too wide) has occurred while \output is active
 [][]  \OT1/cmr/m/n/6 ([])  
 []


Overfull \hbox (64.65088pt too wide) has occurred while \output is active
 [][][][]  
 []

[18

]
Overfull \hbox (205.94017pt too wide) has occurred while \output is active
 [][]  \OT1/cmr/m/n/6 ([])  
 []


Overfull \hbox (64.65088pt too wide) has occurred while \output is active
 [][][][]  
 []

[19

]
Overfull \hbox (205.94017pt too wide) has occurred while \output is active
 [][]  \OT1/cmr/m/n/6 ([])  
 []


Overfull \hbox (64.65088pt too wide) has occurred while \output is active
 [][][][]  
 []

[20

]
Overfull \hbox (205.94017pt too wide) has occurred while \output is active
 [][]  \OT1/cmr/m/n/6 ([])  
 []


Overfull \hbox (64.65088pt too wide) has occurred while \output is active
 [][][][]  
 []

[21

]
Overfull \hbox (205.94017pt too wide) has occurred while \output is active
 [][]  \OT1/cmr/m/n/6 ([])  
 []


Overfull \hbox (64.65088pt too wide) has occurred while \output is active
 [][][][]  
 []

[22

]
Overfull \hbox (205.94017pt too wide) has occurred while \output is active
 [][]  \OT1/cmr/m/n/6 ([])  
 []


Overfull \hbox (64.65088pt too wide) has occurred while \output is active
 [][][][]  
 []

[23

]
Overfull \hbox (205.94017pt too wide) has occurred while \output is active
 [][]  \OT1/cmr/m/n/6 ([])  
 []


Overfull \hbox (64.65088pt too wide) has occurred while \output is active
 [][][][]  
 []

[24

]
Overfull \hbox (205.94017pt too wide) has occurred while \output is active
 [][]  \OT1/cmr/m/n/6 ([])  
 []


Overfull \hbox (64.65088pt too wide) has occurred while \output is active
 [][][][]  
 []

[25

]
Overfull \hbox (205.94017pt too wide) has occurred while \output is active
 [][]  \OT1/cmr/m/n/6 ([])  
 []


Overfull \hbox (64.65088pt too wide) has occurred while \output is active
 [][][][]  
 []

[26

]
Overfull \hbox (205.94017pt too wide) has occurred while \output is active
 [][]  \OT1/cmr/m/n/6 ([])  
 []


Overfull \hbox (64.65088pt too wide) has occurred while \output is active
 [][][][]  
 []

[27

]
Overfull \hbox (205.94017pt too wide) has occurred while \output is active
 [][]  \OT1/cmr/m/n/6 ([])  
 []


Overfull \hbox (64.65088pt too wide) has occurred while \output is active
 [][][][]  
 []

[28

]
Overfull \hbox (205.94017pt too wide) has occurred while \output is active
 [][]  \OT1/cmr/m/n/6 ([])  
 []


Overfull \hbox (64.65088pt too wide) has occurred while \output is active
 [][][][]  
 []

[29

]
Overfull \hbox (205.94017pt too wide) has occurred while \output is active
 [][]  \OT1/cmr/m/n/6 ([])  
 []


Overfull \hbox (64.65088pt too wide) has occurred while \output is active
 [][][][]  
 []

[30

]
Overfull \hbox (205.94017pt too wide) has occurred while \output is active
 [][]  \OT1/cmr/m/n/6 ([])  
 []


Overfull \hbox (64.65088pt too wide) has occurred while \output is active
 [][][][]  
 []

[31

]
Overfull \hbox (205.94017pt too wide) has occurred while \output is active
 [][]  \OT1/cmr/m/n/6 ([])  
 []


Overfull \hbox (64.65088pt too wide) has occurred while \output is active
 [][][][]  
 []

[32

]
Package epstopdf Info: Source file: <mse_snr_6454.eps>
(epstopdf)                    date: 2016-09-26 15:25:26
(epstopdf)                    size: 15843 bytes
(epstopdf)             Output file: <mse_snr_6454-eps-converted-to.pdf>
(epstopdf)                    date: 2016-09-26 15:25:26
(epstopdf)                    size: 6240 bytes
(epstopdf)             Command: <repstopdf --outfile=mse_snr_6454-eps-converted
-to.pdf mse_snr_6454.eps>
(epstopdf)             \includegraphics on input line 286.
Package epstopdf Info: Output file is already uptodate.
 <mse_snr_6454-eps-converted-to.pdf, id=1015, 497.86pt x 394.47375pt>
File: mse_snr_6454-eps-converted-to.pdf Graphic file (type pdf)

<use mse_snr_6454-eps-converted-to.pdf>
Package pdftex.def Info: mse_snr_6454-eps-converted-to.pdf used on input line 2
86.
(pdftex.def)             Requested size: 171.14764pt x 135.60603pt.
Package epstopdf Info: Source file: <mse_nims_6454.eps>
(epstopdf)                    date: 2016-09-26 15:25:26
(epstopdf)                    size: 15678 bytes
(epstopdf)             Output file: <mse_nims_6454-eps-converted-to.pdf>
(epstopdf)                    date: 2016-09-26 15:25:26
(epstopdf)                    size: 6817 bytes
(epstopdf)             Command: <repstopdf --outfile=mse_nims_6454-eps-converte
d-to.pdf mse_nims_6454.eps>
(epstopdf)             \includegraphics on input line 286.
Package epstopdf Info: Output file is already uptodate.

<mse_nims_6454-eps-converted-to.pdf, id=1016, 497.86pt x 400.49625pt>
File: mse_nims_6454-eps-converted-to.pdf Graphic file (type pdf)

<use mse_nims_6454-eps-converted-to.pdf>
Package pdftex.def Info: mse_nims_6454-eps-converted-to.pdf used on input line 
286.
(pdftex.def)             Requested size: 171.14764pt x 137.67635pt.

Overfull \hbox (3.649pt too wide) in paragraph at lines 286--286
 [][] 
 []


Overfull \hbox (205.94017pt too wide) has occurred while \output is active
 [][]  \OT1/cmr/m/n/6 ([])  
 []


Overfull \hbox (64.65088pt too wide) has occurred while \output is active
 [][][][]  
 []

[33

 <./mse_snr_6454-eps-converted-to.pdf> <./mse_nims_6454-eps-converted-to.pdf>]
Package epstopdf Info: Source file: <cwf_shrinkage_compare.eps>
(epstopdf)                    date: 2016-09-26 15:25:26
(epstopdf)                    size: 80425 bytes
(epstopdf)             Output file: <cwf_shrinkage_compare-eps-converted-to.pdf
>
(epstopdf)                    date: 2016-09-26 15:25:26
(epstopdf)                    size: 8591 bytes
(epstopdf)             Command: <repstopdf --outfile=cwf_shrinkage_compare-eps-
converted-to.pdf cwf_shrinkage_compare.eps>
(epstopdf)             \includegraphics on input line 297.
Package epstopdf Info: Output file is already uptodate.

<cwf_shrinkage_compare-eps-converted-to.pdf, id=1059, 500.87125pt x 391.4625pt>
File: cwf_shrinkage_compare-eps-converted-to.pdf Graphic file (type pdf)
<use cwf_shrinkage_compare-eps-converted-to.pdf>
Package pdftex.def Info: cwf_shrinkage_compare-eps-converted-to.pdf used on inp
ut line 297.
(pdftex.def)             Requested size: 205.37926pt x 160.51857pt.

Overfull \hbox (205.94017pt too wide) has occurred while \output is active
 [][]  \OT1/cmr/m/n/6 ([])  
 []


Overfull \hbox (64.65088pt too wide) has occurred while \output is active
 [][][][]  
 []

[34

 <./cwf_shrinkage_compare-eps-converted-to.pdf>]
Package epstopdf Info: Source file: <compare_ims_snr1by1_6454.eps>
(epstopdf)                    date: 2016-09-26 15:25:26
(epstopdf)                    size: 103438 bytes
(epstopdf)             Output file: <compare_ims_snr1by1_6454-eps-converted-to.
pdf>
(epstopdf)                    date: 2016-09-26 15:25:26
(epstopdf)                    size: 52401 bytes
(epstopdf)             Command: <repstopdf --outfile=compare_ims_snr1by1_6454-e
ps-converted-to.pdf compare_ims_snr1by1_6454.eps>
(epstopdf)             \includegraphics on input line 332.
Package epstopdf Info: Output file is already uptodate.

<compare_ims_snr1by1_6454-eps-converted-to.pdf, id=1097, 722.7pt x 361.35pt>
File: compare_ims_snr1by1_6454-eps-converted-to.pdf Graphic file (type pdf)

<use compare_ims_snr1by1_6454-eps-converted-to.pdf>
Package pdftex.def Info: compare_ims_snr1by1_6454-eps-converted-to.pdf used on 
input line 332.
(pdftex.def)             Requested size: 136.91603pt x 68.45871pt.
Package epstopdf Info: Source file: <compare_ims_snr1by20_6454.eps>
(epstopdf)                    date: 2016-09-26 15:25:26
(epstopdf)                    size: 108835 bytes
(epstopdf)             Output file: <compare_ims_snr1by20_6454-eps-converted-to
.pdf>
(epstopdf)                    date: 2016-09-26 15:25:26
(epstopdf)                    size: 57600 bytes
(epstopdf)             Command: <repstopdf --outfile=compare_ims_snr1by20_6454-
eps-converted-to.pdf compare_ims_snr1by20_6454.eps>
(epstopdf)             \includegraphics on input line 332.
Package epstopdf Info: Output file is already uptodate.

<compare_ims_snr1by20_6454-eps-converted-to.pdf, id=1098, 722.7pt x 361.35pt>
File: compare_ims_snr1by20_6454-eps-converted-to.pdf Graphic file (type pdf)

<use compare_ims_snr1by20_6454-eps-converted-to.pdf>
Package pdftex.def Info: compare_ims_snr1by20_6454-eps-converted-to.pdf used on
 input line 332.
(pdftex.def)             Requested size: 136.91603pt x 68.45871pt.


Package hyperref Warning: Ignoring empty anchor on input line 332.

Package epstopdf Info: Source file: <compare_ims_snr1by40_6454.eps>
(epstopdf)                    date: 2016-09-26 15:25:26
(epstopdf)                    size: 108203 bytes
(epstopdf)             Output file: <compare_ims_snr1by40_6454-eps-converted-to
.pdf>
(epstopdf)                    date: 2016-09-26 15:25:26
(epstopdf)                    size: 57482 bytes
(epstopdf)             Command: <repstopdf --outfile=compare_ims_snr1by40_6454-
eps-converted-to.pdf compare_ims_snr1by40_6454.eps>
(epstopdf)             \includegraphics on input line 332.
Package epstopdf Info: Output file is already uptodate.
<compare_ims_snr1by40_6454-eps-converted-to.pdf, id=1099, 722.7pt x 361.35pt>
File: compare_ims_snr1by40_6454-eps-converted-to.pdf Graphic file (type pdf)

<use compare_ims_snr1by40_6454-eps-converted-to.pdf>
Package pdftex.def Info: compare_ims_snr1by40_6454-eps-converted-to.pdf used on
 input line 332.
(pdftex.def)             Requested size: 136.91603pt x 68.45871pt.


Package hyperref Warning: Ignoring empty anchor on input line 332.

Package epstopdf Info: Source file: <compare_ims_snr1by60_6454.eps>
(epstopdf)                    date: 2016-09-26 15:25:26
(epstopdf)                    size: 108057 bytes
(epstopdf)             Output file: <compare_ims_snr1by60_6454-eps-converted-to
.pdf>
(epstopdf)                    date: 2016-09-26 15:25:26
(epstopdf)                    size: 58327 bytes
(epstopdf)             Command: <repstopdf --outfile=compare_ims_snr1by60_6454-
eps-converted-to.pdf compare_ims_snr1by60_6454.eps>
(epstopdf)             \includegraphics on input line 332.
Package epstopdf Info: Output file is already uptodate.
<compare_ims_snr1by60_6454-eps-converted-to.pdf, id=1100, 722.7pt x 361.35pt>
File: compare_ims_snr1by60_6454-eps-converted-to.pdf Graphic file (type pdf)

<use compare_ims_snr1by60_6454-eps-converted-to.pdf>
Package pdftex.def Info: compare_ims_snr1by60_6454-eps-converted-to.pdf used on
 input line 332.
(pdftex.def)             Requested size: 136.91603pt x 68.45871pt.


Package hyperref Warning: Ignoring empty anchor on input line 332.


Overfull \hbox (205.94017pt too wide) has occurred while \output is active
 [][]  \OT1/cmr/m/n/6 ([])  
 []


Overfull \hbox (64.65088pt too wide) has occurred while \output is active
 [][][][]  
 []

[35

 <./compare_ims_snr1by1_6454-eps-converted-to.pdf> <./compare_ims_snr1by20_6454
-eps-converted-to.pdf> <./compare_ims_snr1by40_6454-eps-converted-to.pdf> <./co
mpare_ims_snr1by60_6454-eps-converted-to.pdf>]
Package epstopdf Info: Source file: <compare_ims_col_snr1by1_6454.eps>
(epstopdf)                    date: 2016-09-26 15:25:26
(epstopdf)                    size: 103838 bytes
(epstopdf)             Output file: <compare_ims_col_snr1by1_6454-eps-converted
-to.pdf>
(epstopdf)                    date: 2016-09-26 15:25:26
(epstopdf)                    size: 52062 bytes
(epstopdf)             Command: <repstopdf --outfile=compare_ims_col_snr1by1_64
54-eps-converted-to.pdf compare_ims_col_snr1by1_6454.eps>
(epstopdf)             \includegraphics on input line 361.
Package epstopdf Info: Output file is already uptodate.

<compare_ims_col_snr1by1_6454-eps-converted-to.pdf, id=1172, 722.7pt x 361.35pt
>
File: compare_ims_col_snr1by1_6454-eps-converted-to.pdf Graphic file (type pdf)

 <use compare_ims_col_snr1by1_6454-eps-converted-to.pdf>
Package pdftex.def Info: compare_ims_col_snr1by1_6454-eps-converted-to.pdf used
 on input line 361.
(pdftex.def)             Requested size: 136.91603pt x 68.45871pt.
Package epstopdf Info: Source file: <compare_ims_col_snr1by10_6454.eps>
(epstopdf)                    date: 2016-09-26 15:25:26
(epstopdf)                    size: 108269 bytes
(epstopdf)             Output file: <compare_ims_col_snr1by10_6454-eps-converte
d-to.pdf>
(epstopdf)                    date: 2016-09-26 15:25:26
(epstopdf)                    size: 56317 bytes
(epstopdf)             Command: <repstopdf --outfile=compare_ims_col_snr1by10_6
454-eps-converted-to.pdf compare_ims_col_snr1by10_6454.eps>
(epstopdf)             \includegraphics on input line 361.
Package epstopdf Info: Output file is already uptodate.

<compare_ims_col_snr1by10_6454-eps-converted-to.pdf, id=1173, 722.7pt x 361.35p
t>
File: compare_ims_col_snr1by10_6454-eps-converted-to.pdf Graphic file (type pdf
)
 <use compare_ims_col_snr1by10_6454-eps-converted-to.pdf>
Package pdftex.def Info: compare_ims_col_snr1by10_6454-eps-converted-to.pdf use
d on input line 361.
(pdftex.def)             Requested size: 136.91603pt x 68.45871pt.


Package hyperref Warning: Ignoring empty anchor on input line 361.

Package epstopdf Info: Source file: <compare_ims_col_snr1by20_6454.eps>
(epstopdf)                    date: 2016-09-26 15:25:26
(epstopdf)                    size: 108677 bytes
(epstopdf)             Output file: <compare_ims_col_snr1by20_6454-eps-converte
d-to.pdf>
(epstopdf)                    date: 2016-09-26 15:25:26
(epstopdf)                    size: 61935 bytes
(epstopdf)             Command: <repstopdf --outfile=compare_ims_col_snr1by20_6
454-eps-converted-to.pdf compare_ims_col_snr1by20_6454.eps>
(epstopdf)             \includegraphics on input line 361.
Package epstopdf Info: Output file is already uptodate.

<compare_ims_col_snr1by20_6454-eps-converted-to.pdf, id=1174, 722.7pt x 361.35p
t>
File: compare_ims_col_snr1by20_6454-eps-converted-to.pdf Graphic file (type pdf
)
 <use compare_ims_col_snr1by20_6454-eps-converted-to.pdf>
Package pdftex.def Info: compare_ims_col_snr1by20_6454-eps-converted-to.pdf use
d on input line 361.
(pdftex.def)             Requested size: 136.91603pt x 68.45871pt.


Package hyperref Warning: Ignoring empty anchor on input line 361.


Overfull \hbox (205.94017pt too wide) has occurred while \output is active
 [][]  \OT1/cmr/m/n/6 ([])  
 []


Overfull \hbox (64.65088pt too wide) has occurred while \output is active
 [][][][]  
 []

[36

 <./compare_ims_col_snr1by1_6454-eps-converted-to.pdf> <./compare_ims_col_snr1b
y10_6454-eps-converted-to.pdf> <./compare_ims_col_snr1by20_6454-eps-converted-t
o.pdf>]
Overfull \hbox (205.94017pt too wide) has occurred while \output is active
 [][]  \OT1/cmr/m/n/6 ([])  
 []


Overfull \hbox (64.65088pt too wide) has occurred while \output is active
 [][][][]  
 []

[37

]
Overfull \hbox (205.94017pt too wide) has occurred while \output is active
 [][]  \OT1/cmr/m/n/6 ([])  
 []


Overfull \hbox (64.65088pt too wide) has occurred while \output is active
 [][][][]  
 []

[38

]
Overfull \hbox (205.94017pt too wide) has occurred while \output is active
 [][]  \OT1/cmr/m/n/6 ([])  
 []


Overfull \hbox (64.65088pt too wide) has occurred while \output is active
 [][][][]  
 []

[39

]
Overfull \hbox (205.94017pt too wide) has occurred while \output is active
 [][]  \OT1/cmr/m/n/6 ([])  
 []


Overfull \hbox (64.65088pt too wide) has occurred while \output is active
 [][][][]  
 []

[40

]
Package epstopdf Info: Source file: <raw_title.eps>
(epstopdf)                    date: 2016-09-26 15:25:26
(epstopdf)                    size: 310782 bytes
(epstopdf)             Output file: <raw_title-eps-converted-to.pdf>
(epstopdf)                    date: 2016-09-26 15:25:26
(epstopdf)                    size: 118197 bytes
(epstopdf)             Command: <repstopdf --outfile=raw_title-eps-converted-to
.pdf raw_title.eps>
(epstopdf)             \includegraphics on input line 401.
Package epstopdf Info: Output file is already uptodate.
 <raw_title-eps-converted-to.pdf, id=1343, 495.8525pt x 406.51875pt>
File: raw_title-eps-converted-to.pdf Graphic file (type pdf)

<use raw_title-eps-converted-to.pdf>
Package pdftex.def Info: raw_title-eps-converted-to.pdf used on input line 401.

(pdftex.def)             Requested size: 116.37914pt x 95.40785pt.
Package epstopdf Info: Source file: <den_title.eps>
(epstopdf)                    date: 2016-09-26 15:25:26
(epstopdf)                    size: 124721 bytes
(epstopdf)             Output file: <den_title-eps-converted-to.pdf>
(epstopdf)                    date: 2016-09-26 15:25:26
(epstopdf)                    size: 50628 bytes
(epstopdf)             Command: <repstopdf --outfile=den_title-eps-converted-to
.pdf den_title.eps>
(epstopdf)             \includegraphics on input line 401.
Package epstopdf Info: Output file is already uptodate.

<den_title-eps-converted-to.pdf, id=1344, 487.8225pt x 402.50375pt>
File: den_title-eps-converted-to.pdf Graphic file (type pdf)

<use den_title-eps-converted-to.pdf>
Package pdftex.def Info: den_title-eps-converted-to.pdf used on input line 401.

(pdftex.def)             Requested size: 116.37914pt x 96.01941pt.
Package epstopdf Info: Source file: <mean_image.eps>
(epstopdf)                    date: 2016-09-26 15:25:26
(epstopdf)                    size: 18277 bytes
(epstopdf)             Output file: <mean_image-eps-converted-to.pdf>
(epstopdf)                    date: 2016-09-26 15:25:26
(epstopdf)                    size: 6531 bytes
(epstopdf)             Command: <repstopdf --outfile=mean_image-eps-converted-t
o.pdf mean_image.eps>
(epstopdf)             \includegraphics on input line 401.
Package epstopdf Info: Output file is already uptodate.

<mean_image-eps-converted-to.pdf, id=1345, 258.9675pt x 258.9675pt>
File: mean_image-eps-converted-to.pdf Graphic file (type pdf)

<use mean_image-eps-converted-to.pdf>
Package pdftex.def Info: mean_image-eps-converted-to.pdf used on input line 401
.
(pdftex.def)             Requested size: 34.23161pt x 34.22806pt.
Package epstopdf Info: Source file: <top_eigim.eps>
(epstopdf)                    date: 2016-09-26 15:25:26
(epstopdf)                    size: 53211 bytes
(epstopdf)             Output file: <top_eigim-eps-converted-to.pdf>
(epstopdf)                    date: 2016-09-26 15:25:26
(epstopdf)                    size: 19768 bytes
(epstopdf)             Command: <repstopdf --outfile=top_eigim-eps-converted-to
.pdf top_eigim.eps>
(epstopdf)             \includegraphics on input line 401.
Package epstopdf Info: Output file is already uptodate.

<top_eigim-eps-converted-to.pdf, id=1346, 321.2pt x 61.22874pt>
File: top_eigim-eps-converted-to.pdf Graphic file (type pdf)

<use top_eigim-eps-converted-to.pdf>
Package pdftex.def Info: top_eigim-eps-converted-to.pdf used on input line 401.

(pdftex.def)             Requested size: 154.03183pt x 29.36328pt.

Overfull \hbox (205.94017pt too wide) has occurred while \output is active
 [][]  \OT1/cmr/m/n/6 ([])  
 []


Overfull \hbox (64.65088pt too wide) has occurred while \output is active
 [][][][]  
 []

[41

 <./raw_title-eps-converted-to.pdf> <./den_title-eps-converted-to.pdf> <./mean_
image-eps-converted-to.pdf> <./top_eigim-eps-converted-to.pdf>]
Overfull \hbox (205.94017pt too wide) has occurred while \output is active
 [][]  \OT1/cmr/m/n/6 ([])  
 []


Overfull \hbox (64.65088pt too wide) has occurred while \output is active
 [][][][]  
 []

[42

]
Overfull \hbox (205.94017pt too wide) has occurred while \output is active
 [][]  \OT1/cmr/m/n/6 ([])  
 []


Overfull \hbox (64.65088pt too wide) has occurred while \output is active
 [][][][]  
 []

[43

]
Overfull \hbox (205.94017pt too wide) has occurred while \output is active
 [][]  \OT1/cmr/m/n/6 ([])  
 []


Overfull \hbox (64.65088pt too wide) has occurred while \output is active
 [][][][]  
 []

[44

]
Overfull \hbox (205.94017pt too wide) has occurred while \output is active
 [][]  \OT1/cmr/m/n/6 ([])  
 []


Overfull \hbox (64.65088pt too wide) has occurred while \output is active
 [][][][]  
 []

[45

]
Overfull \hbox (205.94017pt too wide) has occurred while \output is active
 [][]  \OT1/cmr/m/n/6 ([])  
 []


Overfull \hbox (64.65088pt too wide) has occurred while \output is active
 [][][][]  
 []

[46

]
Overfull \hbox (205.94017pt too wide) has occurred while \output is active
 [][]  \OT1/cmr/m/n/6 ([])  
 []


Overfull \hbox (64.65088pt too wide) has occurred while \output is active
 [][][][]  
 []

[47

]
Overfull \hbox (205.94017pt too wide) has occurred while \output is active
 [][]  \OT1/cmr/m/n/6 ([])  
 []


Overfull \hbox (64.65088pt too wide) has occurred while \output is active
 [][][][]  
 []

[48

]
Overfull \hbox (205.94017pt too wide) has occurred while \output is active
 [][]  \OT1/cmr/m/n/6 ([])  
 []


Overfull \hbox (64.65088pt too wide) has occurred while \output is active
 [][][][]  
 []

[49

]
Overfull \hbox (205.94017pt too wide) has occurred while \output is active
 [][]  \OT1/cmr/m/n/6 ([])  
 []


Overfull \hbox (64.65088pt too wide) has occurred while \output is active
 [][][][]  
 []

[50

]
Overfull \hbox (205.94017pt too wide) has occurred while \output is active
 [][]  \OT1/cmr/m/n/6 ([])  
 []


Overfull \hbox (64.65088pt too wide) has occurred while \output is active
 [][][][]  
 []

[51

]
Overfull \hbox (205.94017pt too wide) has occurred while \output is active
 [][]  \OT1/cmr/m/n/6 ([])  
 []


Overfull \hbox (64.65088pt too wide) has occurred while \output is active
 [][][][]  
 []

[52

]
Overfull \hbox (205.94017pt too wide) has occurred while \output is active
 [][]  \OT1/cmr/m/n/6 ([])  
 []


Overfull \hbox (64.65088pt too wide) has occurred while \output is active
 [][][][]  
 []

[53

]
Overfull \hbox (205.94017pt too wide) has occurred while \output is active
 [][]  \OT1/cmr/m/n/6 ([])  
 []


Overfull \hbox (64.65088pt too wide) has occurred while \output is active
 [][][][]  
 []

[54

]
\tf@nav=\write7
\openout7 = `nyu_bhamre.nav'.

\tf@toc=\write8
\openout8 = `nyu_bhamre.toc'.

\tf@snm=\write9
\openout9 = `nyu_bhamre.snm'.



Package movie15 Warning: @@@@@@@@@@@@@@@@@@@@@@@@@@@@@@@@@@@@@@@
(movie15)                @@ Package `movie15' is obsolete and @@
(movie15)                @@ superseded by `media9'.           @@
(movie15)                @@@@@@@@@@@@@@@@@@@@@@@@@@@@@@@@@@@@@@@.

Package atveryend Info: Empty hook `BeforeClearDocument' on input line 589.
Package atveryend Info: Empty hook `AfterLastShipout' on input line 589.
(./nyu_bhamre.aux)
Package atveryend Info: Executing hook `AtVeryEndDocument' on input line 589.
Package atveryend Info: Executing hook `AtEndAfterFileList' on input line 589.
Package rerunfilecheck Info: File `nyu_bhamre.out' has not changed.
(rerunfilecheck)             Checksum: 198A0C2E3BBB2F72F8079181F59E8683;319.


LaTeX Font Warning: Size substitutions with differences
(Font)              up to 1.0pt have occurred.


LaTeX Warning: There were multiply-defined labels.

Package atveryend Info: Empty hook `AtVeryVeryEnd' on input line 589.
 ) 
Here is how much of TeX's memory you used:
 18524 strings out of 495028
 339357 string characters out of 6181498
 447531 words of memory out of 5000000
 21100 multiletter control sequences out of 15000+600000
 17716 words of font info for 71 fonts, out of 8000000 for 9000
 14 hyphenation exceptions out of 8191
 49i,17n,59p,421b,718s stack positions out of 5000i,500n,10000p,200000b,80000s
pdfTeX warning (dest): name{Navigation55} has been referenced but does not ex
ist, replaced by a fixed one

pdfTeX warning (dest): name{Navigation58} has been referenced but does not exis
t, replaced by a fixed one

pdfTeX warning (dest): name{Navigation57} has been referenced but does not exis
t, replaced by a fixed one

pdfTeX warning (dest): name{Navigation64} has been referenced but does not exis
t, replaced by a fixed one

</usr/share/texlive/texmf-dist/fonts/type1/public/amsfonts/cm/cmbx10.pfb></usr/
share/texlive/texmf-dist/fonts/type1/public/amsfonts/cm/cmex10.pfb></usr/share/
texlive/texmf-dist/fonts/type1/public/amsfonts/cm/cmmi10.pfb></usr/share/texliv
e/texmf-dist/fonts/type1/public/amsfonts/cm/cmmi6.pfb></usr/share/texlive/texmf
-dist/fonts/type1/public/amsfonts/cm/cmmi8.pfb></usr/share/texlive/texmf-dist/f
onts/type1/public/amsfonts/cm/cmmi9.pfb></usr/share/texlive/texmf-dist/fonts/ty
pe1/public/amsfonts/cm/cmr10.pfb></usr/share/texlive/texmf-dist/fonts/type1/pub
lic/amsfonts/cm/cmr12.pfb></usr/share/texlive/texmf-dist/fonts/type1/public/ams
fonts/cm/cmr6.pfb></usr/share/texlive/texmf-dist/fonts/type1/public/amsfonts/cm
/cmr8.pfb></usr/share/texlive/texmf-dist/fonts/type1/public/amsfonts/cm/cmr9.pf
b></usr/share/texlive/texmf-dist/fonts/type1/public/amsfonts/cm/cmsy10.pfb></us
r/share/texlive/texmf-dist/fonts/type1/public/amsfonts/cm/cmsy8.pfb></usr/share
/texlive/texmf-dist/fonts/type1/public/amsfonts/cm/cmti7.pfb></usr/share/texliv
e/texmf-dist/fonts/type1/public/amsfonts/cm/cmti8.pfb></usr/share/texlive/texmf
-dist/fonts/type1/public/amsfonts/cm/cmtt10.pfb></usr/share/texlive/texmf-dist/
fonts/type1/public/amsfonts/cm/cmtt9.pfb></usr/share/texlive/texmf-dist/fonts/t
ype1/public/amsfonts/symbols/msbm10.pfb></usr/share/texlive/texmf-dist/fonts/ty
pe1/urw/zapfding/uzdr.pfb>
Output written on nyu_bhamre.pdf (54 pages, 2424798 bytes).
PDF statistics:
 1875 PDF objects out of 2073 (max. 8388607)
 1629 compressed objects within 17 object streams
 141 named destinations out of 1000 (max. 500000)
 234 words of extra memory for PDF output out of 10000 (max. 10000000)

